file /export/home/users/lgood/Desktop/The-Powder-Toy/SConscript,line 382:
	Configure(confdir = .sconf_temp)
scons: Configure: Checking whether the C compiler works... 
scons: Configure: ".sconf_temp/conftest_0.c" is up to date.
scons: Configure: The original builder output was:
  |.sconf_temp/conftest_0.c <-
  |  |
  |  |int main()
  |  |{
  |  |    return 0;
  |  |}
  |  |
  |
scons: Configure: ".sconf_temp/conftest_0.o" is up to date.
scons: Configure: The original builder output was:
  |gcc -o .sconf_temp/conftest_0.o -c -Ibuild/src -Isrc -Ibuild/data -Idata -Ibuild/generated -Igenerated .sconf_temp/conftest_0.c
  |
scons: Configure: (cached) yes

scons: Configure: Checking whether the C++ compiler works... 
scons: Configure: ".sconf_temp/conftest_1.cpp" is up to date.
scons: Configure: The original builder output was:
  |.sconf_temp/conftest_1.cpp <-
  |  |
  |  |int main()
  |  |{
  |  |    return 0;
  |  |}
  |  |
  |
scons: Configure: ".sconf_temp/conftest_1.o" is up to date.
scons: Configure: The original builder output was:
  |g++ -o .sconf_temp/conftest_1.o -c -Ibuild/src -Isrc -Ibuild/data -Idata -Ibuild/generated -Igenerated .sconf_temp/conftest_1.cpp
  |
scons: Configure: (cached) yes

scons: Configure: Checking if 64 bit... 
scons: Configure: ".sconf_temp/conftest_2.c" is up to date.
scons: Configure: The original builder output was:
  |.sconf_temp/conftest_2.c <-
  |  |#include <stdlib.h>
  |  |	#include <stdio.h>
  |  |	int main() {
  |  |		printf("%d", (int)sizeof(size_t));
  |  |		return 0;
  |  |	}
  |  |	
  |
scons: Configure: ".sconf_temp/conftest_2.o" is up to date.
scons: Configure: The original builder output was:
  |gcc -o .sconf_temp/conftest_2.o -c -Ibuild/src -Isrc -Ibuild/data -Idata -Ibuild/generated -Igenerated .sconf_temp/conftest_2.c
  |
scons: Configure: ".sconf_temp/conftest_3.c" is up to date.
scons: Configure: The original builder output was:
  |.sconf_temp/conftest_3.c <-
  |  |#include <stdlib.h>
  |  |	#include <stdio.h>
  |  |	int main() {
  |  |		printf("%d", (int)sizeof(size_t));
  |  |		return 0;
  |  |	}
  |  |	
  |
scons: Configure: ".sconf_temp/conftest_3.o" is up to date.
scons: Configure: The original builder output was:
  |gcc -o .sconf_temp/conftest_3.o -c -Ibuild/src -Isrc -Ibuild/data -Idata -Ibuild/generated -Igenerated .sconf_temp/conftest_3.c
  |
scons: Configure: ".sconf_temp/conftest_3" is up to date.
scons: Configure: The original builder output was:
  |gcc -o .sconf_temp/conftest_3 .sconf_temp/conftest_3.o
  |
scons: Configure: ".sconf_temp/conftest_3.out" is up to date.
scons: Configure: The original builder output was:
  |.sconf_temp/conftest_3 > .sconf_temp/conftest_3.out
  |
scons: Configure: (cached) yes

scons: Configure: Checking for C library SDL... 
scons: Configure: ".sconf_temp/conftest_4.c" is up to date.
scons: Configure: The original builder output was:
  |.sconf_temp/conftest_4.c <-
  |  |
  |  |
  |  |
  |  |int
  |  |main() {
  |  |  
  |  |return 0;
  |  |}
  |  |
  |
scons: Configure: ".sconf_temp/conftest_4.o" is up to date.
scons: Configure: The original builder output was:
  |gcc -o .sconf_temp/conftest_4.o -c -D_64BIT -Ibuild/src -Isrc -Ibuild/data -Idata -Ibuild/generated -Igenerated .sconf_temp/conftest_4.c
  |
scons: Configure: ".sconf_temp/conftest_4" is up to date.
scons: Configure: The original builder output was:
  |gcc -o .sconf_temp/conftest_4 .sconf_temp/conftest_4.o -lSDL
  |
scons: Configure: (cached) yes

scons: Configure: Checking for C header file SDL.h... 
scons: Configure: ".sconf_temp/conftest_5.c" is up to date.
scons: Configure: The original builder output was:
  |.sconf_temp/conftest_5.c <-
  |  |
  |  |#include "SDL.h"
  |  |
  |  |
  |
scons: Configure: ".sconf_temp/conftest_5.o" is up to date.
scons: Configure: The original builder output was:
  |gcc -o .sconf_temp/conftest_5.o -c -D_64BIT -D_GNU_SOURCE=1 -D_REENTRANT -Ibuild/src -Isrc -Ibuild/data -Idata -Ibuild/generated -Igenerated -I/usr/include/SDL .sconf_temp/conftest_5.c
  |
scons: Configure: (cached) yes

scons: Configure: Checking for C library lua5.1... 
scons: Configure: ".sconf_temp/conftest_6.c" is up to date.
scons: Configure: The original builder output was:
  |.sconf_temp/conftest_6.c <-
  |  |
  |  |
  |  |
  |  |int
  |  |main() {
  |  |  
  |  |return 0;
  |  |}
  |  |
  |
scons: Configure: ".sconf_temp/conftest_6.o" is up to date.
scons: Configure: The original builder output was:
  |gcc -o .sconf_temp/conftest_6.o -c -D_64BIT -D_GNU_SOURCE=1 -D_REENTRANT -Ibuild/src -Isrc -Ibuild/data -Idata -Ibuild/generated -Igenerated -I/usr/include/SDL .sconf_temp/conftest_6.c
  |
scons: Configure: Building ".sconf_temp/conftest_6" failed in a previous run and all its sources are up to date.
scons: Configure: The original builder output was:
  |gcc -o .sconf_temp/conftest_6 .sconf_temp/conftest_6.o -lSDL -lpthread -llua5.1
  |
scons: Configure: (cached) no

scons: Configure: Checking for C library lua-5.1... 
scons: Configure: ".sconf_temp/conftest_7.c" is up to date.
scons: Configure: The original builder output was:
  |.sconf_temp/conftest_7.c <-
  |  |
  |  |
  |  |
  |  |int
  |  |main() {
  |  |  
  |  |return 0;
  |  |}
  |  |
  |
scons: Configure: ".sconf_temp/conftest_7.o" is up to date.
scons: Configure: The original builder output was:
  |gcc -o .sconf_temp/conftest_7.o -c -D_64BIT -D_GNU_SOURCE=1 -D_REENTRANT -Ibuild/src -Isrc -Ibuild/data -Idata -Ibuild/generated -Igenerated -I/usr/include/SDL .sconf_temp/conftest_7.c
  |
scons: Configure: ".sconf_temp/conftest_7" is up to date.
scons: Configure: The original builder output was:
  |gcc -o .sconf_temp/conftest_7 .sconf_temp/conftest_7.o -lSDL -lpthread -llua-5.1
  |
scons: Configure: (cached) yes

scons: Configure: Checking for C header file lua5.1/lua.h... 
scons: Configure: ".sconf_temp/conftest_8.c" is up to date.
scons: Configure: The original builder output was:
  |.sconf_temp/conftest_8.c <-
  |  |
  |  |#include "lua5.1/lua.h"
  |  |
  |  |
  |
scons: Configure: Building ".sconf_temp/conftest_8.o" failed in a previous run and all its sources are up to date.
scons: Configure: The original builder output was:
  |gcc -o .sconf_temp/conftest_8.o -c -D_64BIT -D_GNU_SOURCE=1 -D_REENTRANT -Ibuild/src -Isrc -Ibuild/data -Idata -Ibuild/generated -Igenerated -I/usr/include/SDL .sconf_temp/conftest_8.c
  |
scons: Configure: (cached) no

scons: Configure: Checking for C header file lua.h... 
scons: Configure: ".sconf_temp/conftest_9.c" is up to date.
scons: Configure: The original builder output was:
  |.sconf_temp/conftest_9.c <-
  |  |
  |  |#include "lua.h"
  |  |
  |  |
  |
scons: Configure: ".sconf_temp/conftest_9.o" is up to date.
scons: Configure: The original builder output was:
  |gcc -o .sconf_temp/conftest_9.o -c -D_64BIT -D_GNU_SOURCE=1 -D_REENTRANT -Ibuild/src -Isrc -Ibuild/data -Idata -Ibuild/generated -Igenerated -I/usr/include/SDL .sconf_temp/conftest_9.c
  |
scons: Configure: (cached) yes

scons: Configure: Checking for C library dl... 
scons: Configure: ".sconf_temp/conftest_10.c" is up to date.
scons: Configure: The original builder output was:
  |.sconf_temp/conftest_10.c <-
  |  |
  |  |
  |  |
  |  |int
  |  |main() {
  |  |  
  |  |return 0;
  |  |}
  |  |
  |
scons: Configure: ".sconf_temp/conftest_10.o" is up to date.
scons: Configure: The original builder output was:
  |gcc -o .sconf_temp/conftest_10.o -c -D_64BIT -D_GNU_SOURCE=1 -D_REENTRANT -DLUA_R_INCL -Ibuild/src -Isrc -Ibuild/data -Idata -Ibuild/generated -Igenerated -I/usr/include/SDL .sconf_temp/conftest_10.c
  |
scons: Configure: ".sconf_temp/conftest_10" is up to date.
scons: Configure: The original builder output was:
  |gcc -o .sconf_temp/conftest_10 .sconf_temp/conftest_10.o -lSDL -lpthread -llua-5.1 -ldl
  |
scons: Configure: (cached) yes

scons: Configure: Checking for C library fftw3f... 
scons: Configure: ".sconf_temp/conftest_11.c" is up to date.
scons: Configure: The original builder output was:
  |.sconf_temp/conftest_11.c <-
  |  |
  |  |
  |  |
  |  |int
  |  |main() {
  |  |  
  |  |return 0;
  |  |}
  |  |
  |
scons: Configure: ".sconf_temp/conftest_11.o" is up to date.
scons: Configure: The original builder output was:
  |gcc -o .sconf_temp/conftest_11.o -c -D_64BIT -D_GNU_SOURCE=1 -D_REENTRANT -DLUA_R_INCL -Ibuild/src -Isrc -Ibuild/data -Idata -Ibuild/generated -Igenerated -I/usr/include/SDL .sconf_temp/conftest_11.c
  |
scons: Configure: ".sconf_temp/conftest_11" is up to date.
scons: Configure: The original builder output was:
  |gcc -o .sconf_temp/conftest_11 .sconf_temp/conftest_11.o -lSDL -lpthread -llua-5.1 -ldl -lfftw3f
  |
scons: Configure: (cached) yes

scons: Configure: Checking for C library bz2... 
scons: Configure: ".sconf_temp/conftest_12.c" is up to date.
scons: Configure: The original builder output was:
  |.sconf_temp/conftest_12.c <-
  |  |
  |  |
  |  |
  |  |int
  |  |main() {
  |  |  
  |  |return 0;
  |  |}
  |  |
  |
scons: Configure: ".sconf_temp/conftest_12.o" is up to date.
scons: Configure: The original builder output was:
  |gcc -o .sconf_temp/conftest_12.o -c -D_64BIT -D_GNU_SOURCE=1 -D_REENTRANT -DLUA_R_INCL -Ibuild/src -Isrc -Ibuild/data -Idata -Ibuild/generated -Igenerated -I/usr/include/SDL .sconf_temp/conftest_12.c
  |
scons: Configure: ".sconf_temp/conftest_12" is up to date.
scons: Configure: The original builder output was:
  |gcc -o .sconf_temp/conftest_12 .sconf_temp/conftest_12.o -lSDL -lpthread -llua-5.1 -ldl -lfftw3f -lbz2
  |
scons: Configure: (cached) yes

scons: Configure: Checking for C header file bzlib.h... 
scons: Configure: ".sconf_temp/conftest_13.c" is up to date.
scons: Configure: The original builder output was:
  |.sconf_temp/conftest_13.c <-
  |  |
  |  |#include "bzlib.h"
  |  |
  |  |
  |
scons: Configure: ".sconf_temp/conftest_13.o" is up to date.
scons: Configure: The original builder output was:
  |gcc -o .sconf_temp/conftest_13.o -c -D_64BIT -D_GNU_SOURCE=1 -D_REENTRANT -DLUA_R_INCL -Ibuild/src -Isrc -Ibuild/data -Idata -Ibuild/generated -Igenerated -I/usr/include/SDL .sconf_temp/conftest_13.c
  |
scons: Configure: (cached) yes

scons: Configure: Checking for C library z... 
scons: Configure: ".sconf_temp/conftest_14.c" is up to date.
scons: Configure: The original builder output was:
  |.sconf_temp/conftest_14.c <-
  |  |
  |  |
  |  |
  |  |int
  |  |main() {
  |  |  
  |  |return 0;
  |  |}
  |  |
  |
scons: Configure: ".sconf_temp/conftest_14.o" is up to date.
scons: Configure: The original builder output was:
  |gcc -o .sconf_temp/conftest_14.o -c -D_64BIT -D_GNU_SOURCE=1 -D_REENTRANT -DLUA_R_INCL -Ibuild/src -Isrc -Ibuild/data -Idata -Ibuild/generated -Igenerated -I/usr/include/SDL .sconf_temp/conftest_14.c
  |
scons: Configure: ".sconf_temp/conftest_14" is up to date.
scons: Configure: The original builder output was:
  |gcc -o .sconf_temp/conftest_14 .sconf_temp/conftest_14.o -lSDL -lpthread -llua-5.1 -ldl -lfftw3f -lbz2 -lz
  |
scons: Configure: (cached) yes

scons: Configure: Checking for C library pthread... 
scons: Configure: ".sconf_temp/conftest_15.c" is up to date.
scons: Configure: The original builder output was:
  |.sconf_temp/conftest_15.c <-
  |  |
  |  |
  |  |
  |  |int
  |  |main() {
  |  |  
  |  |return 0;
  |  |}
  |  |
  |
scons: Configure: ".sconf_temp/conftest_15.o" is up to date.
scons: Configure: The original builder output was:
  |gcc -o .sconf_temp/conftest_15.o -c -D_64BIT -D_GNU_SOURCE=1 -D_REENTRANT -DLUA_R_INCL -Ibuild/src -Isrc -Ibuild/data -Idata -Ibuild/generated -Igenerated -I/usr/include/SDL .sconf_temp/conftest_15.c
  |
scons: Configure: ".sconf_temp/conftest_15" is up to date.
scons: Configure: The original builder output was:
  |gcc -o .sconf_temp/conftest_15 .sconf_temp/conftest_15.o -lSDL -lpthread -llua-5.1 -ldl -lfftw3f -lbz2 -lz -lpthread
  |
scons: Configure: (cached) yes

scons: Configure: Checking for C library m... 
scons: Configure: ".sconf_temp/conftest_16.c" is up to date.
scons: Configure: The original builder output was:
  |.sconf_temp/conftest_16.c <-
  |  |
  |  |
  |  |
  |  |int
  |  |main() {
  |  |  
  |  |return 0;
  |  |}
  |  |
  |
scons: Configure: ".sconf_temp/conftest_16.o" is up to date.
scons: Configure: The original builder output was:
  |gcc -o .sconf_temp/conftest_16.o -c -D_64BIT -D_GNU_SOURCE=1 -D_REENTRANT -DLUA_R_INCL -Ibuild/src -Isrc -Ibuild/data -Idata -Ibuild/generated -Igenerated -I/usr/include/SDL .sconf_temp/conftest_16.c
  |
scons: Configure: ".sconf_temp/conftest_16" is up to date.
scons: Configure: The original builder output was:
  |gcc -o .sconf_temp/conftest_16 .sconf_temp/conftest_16.o -lSDL -lpthread -llua-5.1 -ldl -lfftw3f -lbz2 -lz -lpthread -lm
  |
scons: Configure: (cached) yes

scons: Configure: Checking for C library X11... 
scons: Configure: ".sconf_temp/conftest_17.c" is up to date.
scons: Configure: The original builder output was:
  |.sconf_temp/conftest_17.c <-
  |  |
  |  |
  |  |
  |  |int
  |  |main() {
  |  |  
  |  |return 0;
  |  |}
  |  |
  |
scons: Configure: ".sconf_temp/conftest_17.o" is up to date.
scons: Configure: The original builder output was:
  |gcc -o .sconf_temp/conftest_17.o -c -D_64BIT -D_GNU_SOURCE=1 -D_REENTRANT -DLUA_R_INCL -Ibuild/src -Isrc -Ibuild/data -Idata -Ibuild/generated -Igenerated -I/usr/include/SDL .sconf_temp/conftest_17.c
  |
scons: Configure: ".sconf_temp/conftest_17" is up to date.
scons: Configure: The original builder output was:
  |gcc -o .sconf_temp/conftest_17 .sconf_temp/conftest_17.o -lSDL -lpthread -llua-5.1 -ldl -lfftw3f -lbz2 -lz -lpthread -lm -lX11
  |
scons: Configure: (cached) yes

scons: Configure: Checking for C library rt... 
scons: Configure: ".sconf_temp/conftest_18.c" is up to date.
scons: Configure: The original builder output was:
  |.sconf_temp/conftest_18.c <-
  |  |
  |  |
  |  |
  |  |int
  |  |main() {
  |  |  
  |  |return 0;
  |  |}
  |  |
  |
scons: Configure: ".sconf_temp/conftest_18.o" is up to date.
scons: Configure: The original builder output was:
  |gcc -o .sconf_temp/conftest_18.o -c -D_64BIT -D_GNU_SOURCE=1 -D_REENTRANT -DLUA_R_INCL -Ibuild/src -Isrc -Ibuild/data -Idata -Ibuild/generated -Igenerated -I/usr/include/SDL .sconf_temp/conftest_18.c
  |
scons: Configure: ".sconf_temp/conftest_18" is up to date.
scons: Configure: The original builder output was:
  |gcc -o .sconf_temp/conftest_18 .sconf_temp/conftest_18.o -lSDL -lpthread -llua-5.1 -ldl -lfftw3f -lbz2 -lz -lpthread -lm -lX11 -lrt
  |
scons: Configure: (cached) yes


